<?xml version="1.0" encoding="UTF-8"?>
<!-- Generated by org.testng.reporters.JUnitReportReporter -->
<testsuite skipped="0" hostname="DESKTOP-GSIB2LB" name="Com.Test.Levin.runners.TestRunner" tests="1" failures="0" timestamp="07 May 2021 11:36:15 GMT" time="62.295" errors="0">
  <testcase name="feature" time="62.295" classname="Com.Test.Levin.runners.TestRunner"/>
</testsuite> <!-- Com.Test.Levin.runners.TestRunner -->
